DEPRECATION WARNING: ActiveRecord::Base.raise_in_transactional_callbacks= is deprecated, has no effect and will be removed without replacement. (called from <top (required)> at /Users/appacademy/Desktop/app-academy/curriculum/html-css/projects/aa_times/skeleton/config/environment.rb:5)
DEPRECATION WARNING: Passing #original_exception is deprecated and has no effect. Exceptions will automatically capture the original exception. (called from require at /Users/appacademy/Desktop/app-academy/curriculum/html-css/projects/aa_times/skeleton/bin/rails:9)
DEPRECATION WARNING: ActiveRecord::Base.raise_in_transactional_callbacks= is deprecated, has no effect and will be removed without replacement. (called from require at /Users/appacademy/Desktop/app-academy/curriculum/html-css/projects/aa_times/skeleton/bin/rails:9)
  [1m[35m (6.2ms)[0m  [1m[35mCREATE TABLE "schema_migrations" ("version" varchar NOT NULL PRIMARY KEY)[0m
  [1m[35m (2.7ms)[0m  [1m[35mCREATE TABLE "ar_internal_metadata" ("key" varchar NOT NULL PRIMARY KEY, "value" varchar, "created_at" datetime NOT NULL, "updated_at" datetime NOT NULL)[0m
  [1m[36mActiveRecord::InternalMetadata Load (0.3ms)[0m  [1m[34mSELECT  "ar_internal_metadata".* FROM "ar_internal_metadata" WHERE "ar_internal_metadata"."key" = ? LIMIT ?[0m  [["key", "environment"], ["LIMIT", 1]]
  [1m[35m (0.1ms)[0m  [1m[36mbegin transaction[0m
  [1m[35mSQL (0.5ms)[0m  [1m[32mINSERT INTO "ar_internal_metadata" ("key", "value", "created_at", "updated_at") VALUES (?, ?, ?, ?)[0m  [["key", "environment"], ["value", "development"], ["created_at", "2018-05-08 13:28:35.437337"], ["updated_at", "2018-05-08 13:28:35.437337"]]
  [1m[35m (2.2ms)[0m  [1m[36mcommit transaction[0m
  [1m[36mActiveRecord::SchemaMigration Load (0.1ms)[0m  [1m[34mSELECT "schema_migrations".* FROM "schema_migrations"[0m
Started GET "/" for ::1 at 2018-05-08 09:29:10 -0400
DEPRECATION WARNING: ActiveRecord::Base.raise_in_transactional_callbacks= is deprecated, has no effect and will be removed without replacement. (called from block (3 levels) in <class:Railtie> at /usr/local/var/rbenv/versions/2.3.1/lib/ruby/gems/2.3.0/gems/activerecord-5.0.7/lib/active_record/railtie.rb:113)
Processing by StaticPagesController#index as HTML
  Rendering static_pages/index.html.erb within layouts/application
  Rendered shared/_main_nav.html.erb (0.7ms)
  Rendered shared/_masthead.html.erb (0.5ms)
  Rendered shared/_sections_nav.html.erb (0.9ms)
  Rendered shared/_search_modal.html.erb (0.5ms)
  Rendered shared/_main_content.html.erb (0.4ms)
  Rendered static_pages/index.html.erb within layouts/application (32.0ms)
Completed 200 OK in 817ms (Views: 810.1ms | ActiveRecord: 0.0ms)


Started GET "/assets/components/dropdown.self-815016af6fab1d5b72abd319213bf62f0c42bab2c585d2e059543ae704a0d74c.js?body=1" for ::1 at 2018-05-08 09:29:11 -0400
Started GET "/assets/components/modal.self-52188644dbb47def5ee35ae02e69eb567ca9b664472357a8a5789dd39032a265.js?body=1" for ::1 at 2018-05-08 09:29:11 -0400
Started GET "/assets/components/sidebar.self-2a1277f850a6fa21e1a974ef5152f177ac05516477d5081d593bb137b3d6808b.js?body=1" for ::1 at 2018-05-08 09:29:11 -0400
Started GET "/assets/application.self-f571b9db02bf4ed04c38a6a29072ac382f7d4f47db1fab9817aeadb0d8665235.js?body=1" for ::1 at 2018-05-08 09:29:11 -0400
Started GET "/assets/application.self-b663423749731f7aefc12aab04903643ffbbfafb45fcfb66496adb852614caef.css?body=1" for ::1 at 2018-05-08 09:29:11 -0400
Started GET "/" for ::1 at 2018-11-19 11:20:16 -0800
DEPRECATION WARNING: ActiveRecord::Base.raise_in_transactional_callbacks= is deprecated, has no effect and will be removed without replacement. (called from block (3 levels) in <class:Railtie> at /usr/local/var/rbenv/versions/2.5.0/lib/ruby/gems/2.5.0/gems/activerecord-5.0.7/lib/active_record/railtie.rb:113)
Processing by StaticPagesController#index as HTML
  Rendering static_pages/index.html.erb within layouts/application
  Rendered shared/_main_nav.html.erb (0.3ms)
  Rendered shared/_masthead.html.erb (0.3ms)
  Rendered shared/_sections_nav.html.erb (0.2ms)
  Rendered shared/_search_modal.html.erb (0.2ms)
  Rendered shared/_main_content.html.erb (0.2ms)
  Rendered static_pages/index.html.erb within layouts/application (20.9ms)
Completed 200 OK in 776ms (Views: 774.1ms | ActiveRecord: 0.0ms)


Started GET "/assets/jquery.self-bd7ddd393353a8d2480a622e80342adf488fb6006d667e8b42e4c0073393abee.js?body=1" for ::1 at 2018-11-19 11:20:18 -0800
Started GET "/assets/application.self-f2e769905141f7974c4be9944817c778ef99fd37092a1ea51d85b0f70f058093.css?body=1" for ::1 at 2018-11-19 11:20:18 -0800
Started GET "/assets/jquery_ujs.self-784a997f6726036b1993eb2217c9cb558e1cbb801c6da88105588c56f13b466a.js?body=1" for ::1 at 2018-11-19 11:20:18 -0800
Started GET "/assets/components/dropdown.self-815016af6fab1d5b72abd319213bf62f0c42bab2c585d2e059543ae704a0d74c.js?body=1" for ::1 at 2018-11-19 11:20:18 -0800
Started GET "/assets/components/sidebar.self-2a1277f850a6fa21e1a974ef5152f177ac05516477d5081d593bb137b3d6808b.js?body=1" for ::1 at 2018-11-19 11:20:18 -0800
Started GET "/assets/application.self-f571b9db02bf4ed04c38a6a29072ac382f7d4f47db1fab9817aeadb0d8665235.js?body=1" for ::1 at 2018-11-19 11:20:18 -0800
Started GET "/assets/components/modal.self-52188644dbb47def5ee35ae02e69eb567ca9b664472357a8a5789dd39032a265.js?body=1" for ::1 at 2018-11-19 11:20:18 -0800
Started GET "/" for ::1 at 2018-11-19 11:22:53 -0800
Processing by StaticPagesController#index as HTML
  Rendering static_pages/index.html.erb within layouts/application
  Rendered shared/_main_nav.html.erb (0.4ms)
  Rendered shared/_masthead.html.erb (0.4ms)
  Rendered shared/_sections_nav.html.erb (0.3ms)
  Rendered shared/_search_modal.html.erb (0.3ms)
  Rendered shared/_main_content.html.erb (0.3ms)
  Rendered static_pages/index.html.erb within layouts/application (13.6ms)
Completed 200 OK in 34ms (Views: 32.6ms | ActiveRecord: 0.0ms)


Started GET "/assets/application.self-f2e769905141f7974c4be9944817c778ef99fd37092a1ea51d85b0f70f058093.css?body=1&livereload=1542656359842" for ::1 at 2018-11-19 11:39:19 -0800
Started GET "/assets/application.self-f2e769905141f7974c4be9944817c778ef99fd37092a1ea51d85b0f70f058093.css?body=1&livereload=1542656359844" for ::1 at 2018-11-19 11:39:19 -0800
Started GET "/assets/application.self-f2e769905141f7974c4be9944817c778ef99fd37092a1ea51d85b0f70f058093.css?body=1&livereload=1542656637742" for ::1 at 2018-11-19 11:43:57 -0800
Started GET "/assets/application.self-f2e769905141f7974c4be9944817c778ef99fd37092a1ea51d85b0f70f058093.css?body=1&livereload=1542656637743" for ::1 at 2018-11-19 11:43:57 -0800
Started GET "/assets/application.self-f2e769905141f7974c4be9944817c778ef99fd37092a1ea51d85b0f70f058093.css?body=1&livereload=1542656993535" for ::1 at 2018-11-19 11:49:53 -0800
Started GET "/assets/application.self-f2e769905141f7974c4be9944817c778ef99fd37092a1ea51d85b0f70f058093.css?body=1&livereload=1542656993536" for ::1 at 2018-11-19 11:49:53 -0800
Started GET "/" for ::1 at 2018-11-19 12:03:36 -0800
Processing by StaticPagesController#index as HTML
  Rendering static_pages/index.html.erb within layouts/application
  Rendered shared/_main_nav.html.erb (0.3ms)
  Rendered shared/_masthead.html.erb (0.4ms)
  Rendered shared/_sections_nav.html.erb (0.2ms)
  Rendered shared/_search_modal.html.erb (0.3ms)
  Rendered shared/_main_content.html.erb (0.4ms)
  Rendered static_pages/index.html.erb within layouts/application (13.5ms)
Completed 200 OK in 92ms (Views: 81.3ms | ActiveRecord: 0.0ms)


Started GET "/assets/application.self-7848c588fb71958968e4f658f5171a334d84e0ffdcfbf22de459a6c7a9684f59.css?body=1" for ::1 at 2018-11-19 12:03:36 -0800
Started GET "/" for ::1 at 2018-11-19 12:03:43 -0800
Processing by StaticPagesController#index as HTML
  Rendering static_pages/index.html.erb within layouts/application
  Rendered shared/_main_nav.html.erb (0.4ms)
  Rendered shared/_masthead.html.erb (0.4ms)
  Rendered shared/_sections_nav.html.erb (0.6ms)
  Rendered shared/_search_modal.html.erb (0.7ms)
  Rendered shared/_main_content.html.erb (0.7ms)
  Rendered static_pages/index.html.erb within layouts/application (13.9ms)
Completed 200 OK in 35ms (Views: 33.4ms | ActiveRecord: 0.0ms)


Started GET "/" for ::1 at 2018-11-19 12:03:46 -0800
Processing by StaticPagesController#index as HTML
  Rendering static_pages/index.html.erb within layouts/application
  Rendered shared/_main_nav.html.erb (1.0ms)
  Rendered shared/_masthead.html.erb (1.0ms)
  Rendered shared/_sections_nav.html.erb (0.3ms)
  Rendered shared/_search_modal.html.erb (0.3ms)
  Rendered shared/_main_content.html.erb (0.4ms)
  Rendered static_pages/index.html.erb within layouts/application (17.0ms)
Completed 200 OK in 42ms (Views: 41.0ms | ActiveRecord: 0.0ms)


Started GET "/" for ::1 at 2018-11-19 12:06:12 -0800
Processing by StaticPagesController#index as HTML
  Rendering static_pages/index.html.erb within layouts/application
  Rendered shared/_main_nav.html.erb (0.8ms)
  Rendered shared/_masthead.html.erb (0.6ms)
  Rendered shared/_sections_nav.html.erb (0.5ms)
  Rendered shared/_search_modal.html.erb (0.3ms)
  Rendered shared/_main_content.html.erb (0.5ms)
  Rendered static_pages/index.html.erb within layouts/application (17.3ms)
Completed 200 OK in 46ms (Views: 44.3ms | ActiveRecord: 0.0ms)


Started GET "/" for ::1 at 2018-11-19 12:06:15 -0800
Processing by StaticPagesController#index as HTML
  Rendering static_pages/index.html.erb within layouts/application
  Rendered shared/_main_nav.html.erb (0.4ms)
  Rendered shared/_masthead.html.erb (0.3ms)
  Rendered shared/_sections_nav.html.erb (0.6ms)
  Rendered shared/_search_modal.html.erb (0.6ms)
  Rendered shared/_main_content.html.erb (0.7ms)
  Rendered static_pages/index.html.erb within layouts/application (16.8ms)
Completed 200 OK in 48ms (Views: 46.5ms | ActiveRecord: 0.0ms)


Started GET "/" for ::1 at 2018-11-19 12:06:17 -0800
Processing by StaticPagesController#index as HTML
  Rendering static_pages/index.html.erb within layouts/application
  Rendered shared/_main_nav.html.erb (0.4ms)
  Rendered shared/_masthead.html.erb (0.4ms)
  Rendered shared/_sections_nav.html.erb (0.3ms)
  Rendered shared/_search_modal.html.erb (0.3ms)
  Rendered shared/_main_content.html.erb (0.5ms)
  Rendered static_pages/index.html.erb within layouts/application (12.9ms)
Completed 200 OK in 40ms (Views: 38.4ms | ActiveRecord: 0.0ms)


Started GET "/" for ::1 at 2018-11-19 12:10:33 -0800
Processing by StaticPagesController#index as HTML
  Rendering static_pages/index.html.erb within layouts/application
  Rendered shared/_main_nav.html.erb (0.2ms)
  Rendered shared/_masthead.html.erb (0.2ms)
  Rendered shared/_sections_nav.html.erb (0.3ms)
  Rendered shared/_search_modal.html.erb (0.2ms)
  Rendered shared/_main_content.html.erb (0.2ms)
  Rendered static_pages/index.html.erb within layouts/application (8.2ms)
Completed 200 OK in 70ms (Views: 57.6ms | ActiveRecord: 0.0ms)


Started GET "/" for ::1 at 2018-11-19 12:10:42 -0800
Processing by StaticPagesController#index as HTML
  Rendering static_pages/index.html.erb within layouts/application
  Rendered shared/_main_nav.html.erb (0.8ms)
  Rendered shared/_masthead.html.erb (0.7ms)
  Rendered shared/_sections_nav.html.erb (0.6ms)
  Rendered shared/_search_modal.html.erb (0.3ms)
  Rendered shared/_main_content.html.erb (0.5ms)
  Rendered static_pages/index.html.erb within layouts/application (16.2ms)
Completed 200 OK in 41ms (Views: 37.2ms | ActiveRecord: 0.0ms)


Started GET "/" for ::1 at 2018-11-19 12:11:02 -0800
Processing by StaticPagesController#index as HTML
  Rendering static_pages/index.html.erb within layouts/application
  Rendered shared/_main_nav.html.erb (0.9ms)
  Rendered shared/_masthead.html.erb (0.5ms)
  Rendered shared/_sections_nav.html.erb (0.5ms)
  Rendered shared/_search_modal.html.erb (0.4ms)
  Rendered shared/_main_content.html.erb (0.5ms)
  Rendered static_pages/index.html.erb within layouts/application (17.2ms)
Completed 200 OK in 41ms (Views: 39.1ms | ActiveRecord: 0.0ms)


Started GET "/" for ::1 at 2018-11-19 12:11:05 -0800
Processing by StaticPagesController#index as HTML
  Rendering static_pages/index.html.erb within layouts/application
  Rendered shared/_main_nav.html.erb (1.1ms)
  Rendered shared/_masthead.html.erb (0.3ms)
  Rendered shared/_sections_nav.html.erb (0.3ms)
  Rendered shared/_search_modal.html.erb (0.5ms)
  Rendered shared/_main_content.html.erb (0.4ms)
  Rendered static_pages/index.html.erb within layouts/application (14.3ms)
Completed 200 OK in 41ms (Views: 40.0ms | ActiveRecord: 0.0ms)


Started GET "/assets/application.self-7848c588fb71958968e4f658f5171a334d84e0ffdcfbf22de459a6c7a9684f59.css?body=1&livereload=1542658406126" for ::1 at 2018-11-19 12:13:26 -0800
Started GET "/assets/application.self-7848c588fb71958968e4f658f5171a334d84e0ffdcfbf22de459a6c7a9684f59.css?body=1&livereload=1542658406128" for ::1 at 2018-11-19 12:13:26 -0800
Started GET "/assets/application.self-7848c588fb71958968e4f658f5171a334d84e0ffdcfbf22de459a6c7a9684f59.css?body=1&livereload=1542658442145" for ::1 at 2018-11-19 12:14:02 -0800
Started GET "/assets/application.self-7848c588fb71958968e4f658f5171a334d84e0ffdcfbf22de459a6c7a9684f59.css?body=1&livereload=1542658442145&livereload=1542658442145" for ::1 at 2018-11-19 12:14:02 -0800
Started GET "/assets/application.self-7848c588fb71958968e4f658f5171a334d84e0ffdcfbf22de459a6c7a9684f59.css?body=1&livereload=1542658448991&livereload=1542658442145" for ::1 at 2018-11-19 12:14:09 -0800
Started GET "/assets/application.self-7848c588fb71958968e4f658f5171a334d84e0ffdcfbf22de459a6c7a9684f59.css?body=1&livereload=1542658448991&livereload=1542658442145&livereload=1542658448991" for ::1 at 2018-11-19 12:14:09 -0800
Started GET "/assets/application.self-7848c588fb71958968e4f658f5171a334d84e0ffdcfbf22de459a6c7a9684f59.css?body=1&livereload=1542658521791&livereload=1542658442145&livereload=1542658448991" for ::1 at 2018-11-19 12:15:21 -0800
Started GET "/assets/application.self-7848c588fb71958968e4f658f5171a334d84e0ffdcfbf22de459a6c7a9684f59.css?body=1&livereload=1542658521792&livereload=1542658442145&livereload=1542658448991" for ::1 at 2018-11-19 12:15:21 -0800
Started GET "/assets/application.self-7848c588fb71958968e4f658f5171a334d84e0ffdcfbf22de459a6c7a9684f59.css?body=1&livereload=1542658540453&livereload=1542658442145&livereload=1542658448991" for ::1 at 2018-11-19 12:15:40 -0800
Started GET "/assets/application.self-7848c588fb71958968e4f658f5171a334d84e0ffdcfbf22de459a6c7a9684f59.css?body=1&livereload=1542658540454&livereload=1542658442145&livereload=1542658448991" for ::1 at 2018-11-19 12:15:40 -0800
Started GET "/assets/application.self-7848c588fb71958968e4f658f5171a334d84e0ffdcfbf22de459a6c7a9684f59.css?body=1&livereload=1542658555964&livereload=1542658442145&livereload=1542658448991" for ::1 at 2018-11-19 12:15:55 -0800
Started GET "/assets/application.self-7848c588fb71958968e4f658f5171a334d84e0ffdcfbf22de459a6c7a9684f59.css?body=1&livereload=1542658555965&livereload=1542658442145&livereload=1542658448991" for ::1 at 2018-11-19 12:15:55 -0800
Started GET "/assets/application.self-7848c588fb71958968e4f658f5171a334d84e0ffdcfbf22de459a6c7a9684f59.css?body=1&livereload=1542658573663&livereload=1542658442145&livereload=1542658448991" for ::1 at 2018-11-19 12:16:13 -0800
Started GET "/assets/application.self-7848c588fb71958968e4f658f5171a334d84e0ffdcfbf22de459a6c7a9684f59.css?body=1&livereload=1542658573666&livereload=1542658442145&livereload=1542658448991" for ::1 at 2018-11-19 12:16:13 -0800
Started GET "/assets/application.self-7848c588fb71958968e4f658f5171a334d84e0ffdcfbf22de459a6c7a9684f59.css?body=1&livereload=1542658580957&livereload=1542658442145&livereload=1542658448991" for ::1 at 2018-11-19 12:16:20 -0800
Started GET "/assets/application.self-7848c588fb71958968e4f658f5171a334d84e0ffdcfbf22de459a6c7a9684f59.css?body=1&livereload=1542658580958&livereload=1542658442145&livereload=1542658448991" for ::1 at 2018-11-19 12:16:20 -0800
Started GET "/assets/application.self-7848c588fb71958968e4f658f5171a334d84e0ffdcfbf22de459a6c7a9684f59.css?body=1&livereload=1542658621463&livereload=1542658442145&livereload=1542658448991" for ::1 at 2018-11-19 12:17:01 -0800
Started GET "/assets/application.self-7848c588fb71958968e4f658f5171a334d84e0ffdcfbf22de459a6c7a9684f59.css?body=1&livereload=1542658621464&livereload=1542658442145&livereload=1542658448991" for ::1 at 2018-11-19 12:17:01 -0800
Started GET "/assets/application.self-7848c588fb71958968e4f658f5171a334d84e0ffdcfbf22de459a6c7a9684f59.css?body=1&livereload=1542658696378&livereload=1542658442145&livereload=1542658448991" for ::1 at 2018-11-19 12:18:16 -0800
Started GET "/assets/application.self-7848c588fb71958968e4f658f5171a334d84e0ffdcfbf22de459a6c7a9684f59.css?body=1&livereload=1542658696380&livereload=1542658442145&livereload=1542658448991" for ::1 at 2018-11-19 12:18:16 -0800
Started GET "/assets/application.self-7848c588fb71958968e4f658f5171a334d84e0ffdcfbf22de459a6c7a9684f59.css?body=1&livereload=1542658707970&livereload=1542658442145&livereload=1542658448991&livereload=1542658707970" for ::1 at 2018-11-19 12:18:27 -0800
Started GET "/assets/application.self-7848c588fb71958968e4f658f5171a334d84e0ffdcfbf22de459a6c7a9684f59.css?body=1&livereload=1542658707970&livereload=1542658442145&livereload=1542658448991" for ::1 at 2018-11-19 12:18:27 -0800
Started GET "/" for ::1 at 2018-11-19 12:18:57 -0800
Processing by StaticPagesController#index as HTML
  Rendering static_pages/index.html.erb within layouts/application
  Rendered shared/_main_nav.html.erb (0.6ms)
  Rendered shared/_masthead.html.erb (0.3ms)
  Rendered shared/_sections_nav.html.erb (0.6ms)
  Rendered shared/_search_modal.html.erb (0.5ms)
  Rendered shared/_main_content.html.erb (0.4ms)
  Rendered static_pages/index.html.erb within layouts/application (18.7ms)
Completed 200 OK in 46ms (Views: 44.5ms | ActiveRecord: 0.0ms)


Started GET "/assets/application.self-14582efa18e7bd1ccad10dea7dc60ad03c772c949af2b9c27fd352d099922478.css?body=1" for ::1 at 2018-11-19 12:18:57 -0800
Started GET "/assets/application.self-14582efa18e7bd1ccad10dea7dc60ad03c772c949af2b9c27fd352d099922478.css?body=1&livereload=1542658785548" for ::1 at 2018-11-19 12:19:45 -0800
Started GET "/assets/application.self-14582efa18e7bd1ccad10dea7dc60ad03c772c949af2b9c27fd352d099922478.css?body=1&livereload=1542658785549" for ::1 at 2018-11-19 12:19:45 -0800
Started GET "/assets/application.self-14582efa18e7bd1ccad10dea7dc60ad03c772c949af2b9c27fd352d099922478.css?body=1&livereload=1542658810979" for ::1 at 2018-11-19 12:20:10 -0800
Started GET "/assets/application.self-14582efa18e7bd1ccad10dea7dc60ad03c772c949af2b9c27fd352d099922478.css?body=1&livereload=1542658810981" for ::1 at 2018-11-19 12:20:10 -0800
Started GET "/assets/application.self-14582efa18e7bd1ccad10dea7dc60ad03c772c949af2b9c27fd352d099922478.css?body=1&livereload=1542666997250" for ::1 at 2018-11-19 14:36:37 -0800
Started GET "/assets/application.self-14582efa18e7bd1ccad10dea7dc60ad03c772c949af2b9c27fd352d099922478.css?body=1&livereload=1542666997252" for ::1 at 2018-11-19 14:36:37 -0800
